
*** Running vivado
    with args -log test_env.vds -m64 -product Vivado -mode batch -messageDb vivado.pb -notrace -source test_env.tcl


****** Vivado v2016.4 (64-bit)
  **** SW Build 1756540 on Mon Jan 23 19:11:23 MST 2017
  **** IP Build 1755317 on Mon Jan 23 20:30:07 MST 2017
    ** Copyright 1986-2016 Xilinx, Inc. All Rights Reserved.

source test_env.tcl -notrace
Command: synth_design -top test_env -part xc7a100tcsg324-1
Starting synth_design
Attempting to get a license for feature 'Synthesis' and/or device 'xc7a100t'
INFO: [Common 17-349] Got license for feature 'Synthesis' and/or device 'xc7a100t'
INFO: Launching helper process for spawning children vivado processes
INFO: Helper process launched with PID 14488 
---------------------------------------------------------------------------------
Starting RTL Elaboration : Time (s): cpu = 00:00:05 ; elapsed = 00:00:05 . Memory (MB): peak = 282.516 ; gain = 72.578
---------------------------------------------------------------------------------
INFO: [Synth 8-638] synthesizing module 'test_env' [E:/Faculta/AN2_SEM2/AC_LAB/project_2/project_2.srcs/sources_1/new/test_env.vhd:26]
INFO: [Synth 8-3491] module 'mpg' declared at 'E:/Faculta/AN2_SEM2/AC_LAB/project_2/project_2.srcs/sources_1/new/mpg.vhd:27' bound to instance 'test_env_MPG1' of component 'MPG' [E:/Faculta/AN2_SEM2/AC_LAB/project_2/project_2.srcs/sources_1/new/test_env.vhd:184]
INFO: [Synth 8-638] synthesizing module 'mpg' [E:/Faculta/AN2_SEM2/AC_LAB/project_2/project_2.srcs/sources_1/new/mpg.vhd:34]
INFO: [Synth 8-256] done synthesizing module 'mpg' (1#1) [E:/Faculta/AN2_SEM2/AC_LAB/project_2/project_2.srcs/sources_1/new/mpg.vhd:34]
INFO: [Synth 8-3491] module 'mpg' declared at 'E:/Faculta/AN2_SEM2/AC_LAB/project_2/project_2.srcs/sources_1/new/mpg.vhd:27' bound to instance 'test_env_MPG21' of component 'MPG' [E:/Faculta/AN2_SEM2/AC_LAB/project_2/project_2.srcs/sources_1/new/test_env.vhd:191]
INFO: [Synth 8-3491] module 'SSD' declared at 'E:/Faculta/AN2_SEM2/AC_LAB/project_2/project_2.srcs/sources_1/new/ssd.vhd:14' bound to instance 'test_env_SSD' of component 'SSD' [E:/Faculta/AN2_SEM2/AC_LAB/project_2/project_2.srcs/sources_1/new/test_env.vhd:197]
INFO: [Synth 8-638] synthesizing module 'SSD' [E:/Faculta/AN2_SEM2/AC_LAB/project_2/project_2.srcs/sources_1/new/ssd.vhd:21]
INFO: [Synth 8-256] done synthesizing module 'SSD' (2#1) [E:/Faculta/AN2_SEM2/AC_LAB/project_2/project_2.srcs/sources_1/new/ssd.vhd:21]
INFO: [Synth 8-3491] module 'IFetch' declared at 'E:/Faculta/AN2_SEM2/AC_LAB/project_2/project_2.srcs/sources_1/new/IFetch.vhd:25' bound to instance 'test_env_IFetch' of component 'IFetch' [E:/Faculta/AN2_SEM2/AC_LAB/project_2/project_2.srcs/sources_1/new/test_env.vhd:204]
INFO: [Synth 8-638] synthesizing module 'IFetch' [E:/Faculta/AN2_SEM2/AC_LAB/project_2/project_2.srcs/sources_1/new/IFetch.vhd:38]
INFO: [Synth 8-256] done synthesizing module 'IFetch' (3#1) [E:/Faculta/AN2_SEM2/AC_LAB/project_2/project_2.srcs/sources_1/new/IFetch.vhd:38]
INFO: [Synth 8-3491] module 'ID' declared at 'E:/Faculta/AN2_SEM2/AC_LAB/project_2/project_2.srcs/sources_1/new/ID.vhd:35' bound to instance 'test_env_ID' of component 'ID' [E:/Faculta/AN2_SEM2/AC_LAB/project_2/project_2.srcs/sources_1/new/test_env.vhd:216]
INFO: [Synth 8-638] synthesizing module 'ID' [E:/Faculta/AN2_SEM2/AC_LAB/project_2/project_2.srcs/sources_1/new/ID.vhd:50]
INFO: [Synth 8-256] done synthesizing module 'ID' (4#1) [E:/Faculta/AN2_SEM2/AC_LAB/project_2/project_2.srcs/sources_1/new/ID.vhd:50]
INFO: [Synth 8-3491] module 'UC' declared at 'E:/Faculta/AN2_SEM2/AC_LAB/project_2/project_2.srcs/sources_1/new/UC.vhd:35' bound to instance 'test_env_UC' of component 'UC' [E:/Faculta/AN2_SEM2/AC_LAB/project_2/project_2.srcs/sources_1/new/test_env.vhd:232]
INFO: [Synth 8-638] synthesizing module 'UC' [E:/Faculta/AN2_SEM2/AC_LAB/project_2/project_2.srcs/sources_1/new/UC.vhd:48]
INFO: [Synth 8-256] done synthesizing module 'UC' (5#1) [E:/Faculta/AN2_SEM2/AC_LAB/project_2/project_2.srcs/sources_1/new/UC.vhd:48]
INFO: [Synth 8-3491] module 'EX' declared at 'E:/Faculta/AN2_SEM2/AC_LAB/project_2/project_2.srcs/sources_1/new/EX.vhd:28' bound to instance 'test_env_EX' of component 'EX' [E:/Faculta/AN2_SEM2/AC_LAB/project_2/project_2.srcs/sources_1/new/test_env.vhd:246]
INFO: [Synth 8-638] synthesizing module 'EX' [E:/Faculta/AN2_SEM2/AC_LAB/project_2/project_2.srcs/sources_1/new/EX.vhd:45]
INFO: [Synth 8-256] done synthesizing module 'EX' (6#1) [E:/Faculta/AN2_SEM2/AC_LAB/project_2/project_2.srcs/sources_1/new/EX.vhd:45]
INFO: [Synth 8-3491] module 'MEM_RAM' declared at 'E:/Faculta/AN2_SEM2/AC_LAB/project_2/project_2.srcs/sources_1/new/MEM_RAM.vhd:7' bound to instance 'test_env_RAM' of component 'MEM_RAM' [E:/Faculta/AN2_SEM2/AC_LAB/project_2/project_2.srcs/sources_1/new/test_env.vhd:261]
INFO: [Synth 8-638] synthesizing module 'MEM_RAM' [E:/Faculta/AN2_SEM2/AC_LAB/project_2/project_2.srcs/sources_1/new/MEM_RAM.vhd:20]
INFO: [Synth 8-256] done synthesizing module 'MEM_RAM' (7#1) [E:/Faculta/AN2_SEM2/AC_LAB/project_2/project_2.srcs/sources_1/new/MEM_RAM.vhd:20]
INFO: [Synth 8-256] done synthesizing module 'test_env' (8#1) [E:/Faculta/AN2_SEM2/AC_LAB/project_2/project_2.srcs/sources_1/new/test_env.vhd:26]
WARNING: [Synth 8-3917] design test_env has port led[15] driven by constant 0
WARNING: [Synth 8-3917] design test_env has port led[14] driven by constant 0
WARNING: [Synth 8-3917] design test_env has port led[13] driven by constant 0
WARNING: [Synth 8-3917] design test_env has port led[12] driven by constant 0
WARNING: [Synth 8-3917] design test_env has port led[11] driven by constant 0
WARNING: [Synth 8-3917] design test_env has port led[10] driven by constant 0
WARNING: [Synth 8-3917] design test_env has port led[9] driven by constant 0
WARNING: [Synth 8-3917] design test_env has port led[8] driven by constant 0
WARNING: [Synth 8-3917] design test_env has port led[7] driven by constant 0
WARNING: [Synth 8-3917] design test_env has port led[6] driven by constant 0
WARNING: [Synth 8-3917] design test_env has port led[5] driven by constant 0
WARNING: [Synth 8-3917] design test_env has port led[4] driven by constant 0
WARNING: [Synth 8-3917] design test_env has port led[3] driven by constant 0
WARNING: [Synth 8-3917] design test_env has port led[2] driven by constant 0
WARNING: [Synth 8-3917] design test_env has port led[1] driven by constant 0
WARNING: [Synth 8-3331] design test_env has unconnected port btn[4]
WARNING: [Synth 8-3331] design test_env has unconnected port btn[3]
WARNING: [Synth 8-3331] design test_env has unconnected port btn[2]
WARNING: [Synth 8-3331] design test_env has unconnected port sw[15]
WARNING: [Synth 8-3331] design test_env has unconnected port sw[14]
WARNING: [Synth 8-3331] design test_env has unconnected port sw[13]
WARNING: [Synth 8-3331] design test_env has unconnected port sw[12]
WARNING: [Synth 8-3331] design test_env has unconnected port sw[11]
WARNING: [Synth 8-3331] design test_env has unconnected port sw[10]
WARNING: [Synth 8-3331] design test_env has unconnected port sw[9]
WARNING: [Synth 8-3331] design test_env has unconnected port sw[8]
WARNING: [Synth 8-3331] design test_env has unconnected port sw[6]
WARNING: [Synth 8-3331] design test_env has unconnected port sw[5]
WARNING: [Synth 8-3331] design test_env has unconnected port sw[4]
WARNING: [Synth 8-3331] design test_env has unconnected port sw[3]
WARNING: [Synth 8-3331] design test_env has unconnected port sw[2]
WARNING: [Synth 8-3331] design test_env has unconnected port sw[1]
WARNING: [Synth 8-3331] design test_env has unconnected port sw[0]
---------------------------------------------------------------------------------
Finished RTL Elaboration : Time (s): cpu = 00:00:05 ; elapsed = 00:00:05 . Memory (MB): peak = 320.063 ; gain = 110.125
---------------------------------------------------------------------------------

Report Check Netlist: 
+------+------------------+-------+---------+-------+------------------+
|      |Item              |Errors |Warnings |Status |Description       |
+------+------------------+-------+---------+-------+------------------+
|1     |multi_driven_nets |      0|        0|Passed |Multi driven nets |
+------+------------------+-------+---------+-------+------------------+
---------------------------------------------------------------------------------
Finished RTL Optimization Phase 1 : Time (s): cpu = 00:00:05 ; elapsed = 00:00:06 . Memory (MB): peak = 320.063 ; gain = 110.125
---------------------------------------------------------------------------------
INFO: [Device 21-403] Loading part xc7a100tcsg324-1
INFO: [Project 1-570] Preparing netlist for logic optimization

Processing XDC Constraints
Initializing timing engine
Parsing XDC File [E:/Faculta/AN2_SEM2/AC_LAB/NexysA7_test_env.xdc]
Finished Parsing XDC File [E:/Faculta/AN2_SEM2/AC_LAB/NexysA7_test_env.xdc]
INFO: [Project 1-236] Implementation specific constraints were found while reading constraint file [E:/Faculta/AN2_SEM2/AC_LAB/NexysA7_test_env.xdc]. These constraints will be ignored for synthesis but will be used in implementation. Impacted constraints are listed in the file [.Xil/test_env_propImpl.xdc].
Resolution: To avoid this warning, move constraints listed in [.Xil/test_env_propImpl.xdc] to another XDC file and exclude this new file from synthesis with the used_in_synthesis property (File Properties dialog in GUI) and re-run elaboration/synthesis.
Completed Processing XDC Constraints

INFO: [Project 1-111] Unisim Transformation Summary:
No Unisim elements were transformed.

Constraint Validation Runtime : Time (s): cpu = 00:00:00 ; elapsed = 00:00:00.001 . Memory (MB): peak = 633.195 ; gain = 0.012
---------------------------------------------------------------------------------
Finished Constraint Validation : Time (s): cpu = 00:00:12 ; elapsed = 00:00:13 . Memory (MB): peak = 633.195 ; gain = 423.258
---------------------------------------------------------------------------------
---------------------------------------------------------------------------------
Start Loading Part and Timing Information
---------------------------------------------------------------------------------
Loading part: xc7a100tcsg324-1
---------------------------------------------------------------------------------
Finished Loading Part and Timing Information : Time (s): cpu = 00:00:12 ; elapsed = 00:00:13 . Memory (MB): peak = 633.195 ; gain = 423.258
---------------------------------------------------------------------------------
---------------------------------------------------------------------------------
Start Applying 'set_property' XDC Constraints
---------------------------------------------------------------------------------
---------------------------------------------------------------------------------
Finished applying 'set_property' XDC Constraints : Time (s): cpu = 00:00:12 ; elapsed = 00:00:13 . Memory (MB): peak = 633.195 ; gain = 423.258
---------------------------------------------------------------------------------
INFO: [Synth 8-5546] ROM "reg_file_reg[0]" won't be mapped to RAM because it is too sparse
INFO: [Synth 8-5546] ROM "reg_file_reg[1]" won't be mapped to RAM because it is too sparse
INFO: [Synth 8-5546] ROM "reg_file_reg[2]" won't be mapped to RAM because it is too sparse
INFO: [Synth 8-5546] ROM "reg_file_reg[3]" won't be mapped to RAM because it is too sparse
INFO: [Synth 8-5546] ROM "reg_file_reg[4]" won't be mapped to RAM because it is too sparse
INFO: [Synth 8-5546] ROM "reg_file_reg[5]" won't be mapped to RAM because it is too sparse
INFO: [Synth 8-5546] ROM "reg_file_reg[6]" won't be mapped to RAM because it is too sparse
INFO: [Synth 8-5546] ROM "reg_file_reg[7]" won't be mapped to RAM because it is too sparse
INFO: [Synth 8-5546] ROM "reg_file_reg[8]" won't be mapped to RAM because it is too sparse
INFO: [Synth 8-5546] ROM "reg_file_reg[9]" won't be mapped to RAM because it is too sparse
INFO: [Synth 8-5546] ROM "reg_file_reg[10]" won't be mapped to RAM because it is too sparse
INFO: [Synth 8-5546] ROM "reg_file_reg[11]" won't be mapped to RAM because it is too sparse
INFO: [Synth 8-5546] ROM "reg_file_reg[12]" won't be mapped to RAM because it is too sparse
INFO: [Synth 8-5546] ROM "reg_file_reg[13]" won't be mapped to RAM because it is too sparse
INFO: [Synth 8-5546] ROM "reg_file_reg[14]" won't be mapped to RAM because it is too sparse
INFO: [Synth 8-5546] ROM "reg_file_reg[15]" won't be mapped to RAM because it is too sparse
INFO: [Synth 8-5546] ROM "reg_file_reg[16]" won't be mapped to RAM because it is too sparse
INFO: [Synth 8-5546] ROM "reg_file_reg[17]" won't be mapped to RAM because it is too sparse
INFO: [Synth 8-5546] ROM "reg_file_reg[18]" won't be mapped to RAM because it is too sparse
INFO: [Synth 8-5546] ROM "reg_file_reg[19]" won't be mapped to RAM because it is too sparse
INFO: [Synth 8-5546] ROM "reg_file_reg[20]" won't be mapped to RAM because it is too sparse
INFO: [Synth 8-5546] ROM "reg_file_reg[21]" won't be mapped to RAM because it is too sparse
INFO: [Synth 8-5546] ROM "reg_file_reg[22]" won't be mapped to RAM because it is too sparse
INFO: [Synth 8-5546] ROM "reg_file_reg[23]" won't be mapped to RAM because it is too sparse
INFO: [Synth 8-5546] ROM "reg_file_reg[24]" won't be mapped to RAM because it is too sparse
INFO: [Synth 8-5546] ROM "reg_file_reg[25]" won't be mapped to RAM because it is too sparse
INFO: [Synth 8-5546] ROM "reg_file_reg[26]" won't be mapped to RAM because it is too sparse
INFO: [Synth 8-5546] ROM "reg_file_reg[27]" won't be mapped to RAM because it is too sparse
INFO: [Synth 8-5546] ROM "reg_file_reg[28]" won't be mapped to RAM because it is too sparse
INFO: [Synth 8-5546] ROM "reg_file_reg[29]" won't be mapped to RAM because it is too sparse
INFO: [Synth 8-5546] ROM "reg_file_reg[30]" won't be mapped to RAM because it is too sparse
INFO: [Synth 8-5546] ROM "reg_file_reg[31]" won't be mapped to RAM because it is too sparse
INFO: [Synth 8-5546] ROM "RegDst" won't be mapped to RAM because it is too sparse
INFO: [Synth 8-5587] ROM size for "ExtOp" is below threshold of ROM address width. It will be mapped to LUTs
INFO: [Synth 8-5587] ROM size for "AluSrc" is below threshold of ROM address width. It will be mapped to LUTs
INFO: [Synth 8-5546] ROM "Branch" won't be mapped to RAM because it is too sparse
INFO: [Synth 8-5546] ROM "Jump" won't be mapped to RAM because it is too sparse
INFO: [Synth 8-5587] ROM size for "ALUOp" is below threshold of ROM address width. It will be mapped to LUTs
INFO: [Synth 8-5546] ROM "MemWrite" won't be mapped to RAM because it is too sparse
INFO: [Synth 8-5546] ROM "MemToReg" won't be mapped to RAM because it is too sparse
INFO: [Synth 8-5587] ROM size for "RegWrite" is below threshold of ROM address width. It will be mapped to LUTs
---------------------------------------------------------------------------------
Finished RTL Optimization Phase 2 : Time (s): cpu = 00:00:13 ; elapsed = 00:00:13 . Memory (MB): peak = 633.195 ; gain = 423.258
---------------------------------------------------------------------------------

Report RTL Partitions: 
+-+--------------+------------+----------+
| |RTL Partition |Replication |Instances |
+-+--------------+------------+----------+
+-+--------------+------------+----------+
---------------------------------------------------------------------------------
Start RTL Component Statistics 
---------------------------------------------------------------------------------
Detailed RTL Component Info : 
+---Adders : 
	   2 Input     32 Bit       Adders := 3     
	   3 Input     32 Bit       Adders := 1     
+---XORs : 
	   2 Input     32 Bit         XORs := 1     
+---Registers : 
	               32 Bit    Registers := 34    
	                1 Bit    Registers := 6     
+---Muxes : 
	   2 Input     32 Bit        Muxes := 9     
	   8 Input      8 Bit        Muxes := 1     
	   2 Input      5 Bit        Muxes := 1     
	   2 Input      3 Bit        Muxes := 1     
	   8 Input      3 Bit        Muxes := 1     
	   2 Input      1 Bit        Muxes := 40    
	   8 Input      1 Bit        Muxes := 8     
---------------------------------------------------------------------------------
Finished RTL Component Statistics 
---------------------------------------------------------------------------------
---------------------------------------------------------------------------------
Start RTL Hierarchical Component Statistics 
---------------------------------------------------------------------------------
Hierarchical RTL Component report 
Module test_env 
Detailed RTL Component Info : 
+---Registers : 
	               32 Bit    Registers := 1     
+---Muxes : 
	   2 Input     32 Bit        Muxes := 2     
Module mpg 
Detailed RTL Component Info : 
+---Registers : 
	                1 Bit    Registers := 3     
Module SSD 
Detailed RTL Component Info : 
+---Muxes : 
	   8 Input      8 Bit        Muxes := 1     
Module IFetch 
Detailed RTL Component Info : 
+---Adders : 
	   2 Input     32 Bit       Adders := 1     
+---Registers : 
	               32 Bit    Registers := 1     
+---Muxes : 
	   2 Input     32 Bit        Muxes := 2     
Module ID 
Detailed RTL Component Info : 
+---Registers : 
	               32 Bit    Registers := 32    
+---Muxes : 
	   2 Input     32 Bit        Muxes := 2     
	   2 Input      5 Bit        Muxes := 1     
	   2 Input      1 Bit        Muxes := 32    
Module UC 
Detailed RTL Component Info : 
+---Muxes : 
	   2 Input      3 Bit        Muxes := 1     
	   8 Input      3 Bit        Muxes := 1     
	   2 Input      1 Bit        Muxes := 8     
	   8 Input      1 Bit        Muxes := 8     
Module EX 
Detailed RTL Component Info : 
+---Adders : 
	   2 Input     32 Bit       Adders := 2     
	   3 Input     32 Bit       Adders := 1     
+---XORs : 
	   2 Input     32 Bit         XORs := 1     
+---Muxes : 
	   2 Input     32 Bit        Muxes := 3     
---------------------------------------------------------------------------------
Finished RTL Hierarchical Component Statistics
---------------------------------------------------------------------------------
---------------------------------------------------------------------------------
Start Part Resource Summary
---------------------------------------------------------------------------------
Part Resources:
DSPs: 240 (col length:80)
BRAMs: 270 (col length: RAMB18 80 RAMB36 40)
---------------------------------------------------------------------------------
Finished Part Resource Summary
---------------------------------------------------------------------------------
---------------------------------------------------------------------------------
Start Cross Boundary and Area Optimization
---------------------------------------------------------------------------------
WARNING: [Synth 8-3917] design test_env has port led[15] driven by constant 0
WARNING: [Synth 8-3917] design test_env has port led[14] driven by constant 0
WARNING: [Synth 8-3917] design test_env has port led[13] driven by constant 0
WARNING: [Synth 8-3917] design test_env has port led[12] driven by constant 0
WARNING: [Synth 8-3917] design test_env has port led[11] driven by constant 0
WARNING: [Synth 8-3917] design test_env has port led[10] driven by constant 0
WARNING: [Synth 8-3917] design test_env has port led[9] driven by constant 0
WARNING: [Synth 8-3917] design test_env has port led[8] driven by constant 0
WARNING: [Synth 8-3917] design test_env has port led[7] driven by constant 0
WARNING: [Synth 8-3917] design test_env has port led[6] driven by constant 0
WARNING: [Synth 8-3917] design test_env has port led[5] driven by constant 0
WARNING: [Synth 8-3917] design test_env has port led[4] driven by constant 0
WARNING: [Synth 8-3917] design test_env has port led[3] driven by constant 0
WARNING: [Synth 8-3917] design test_env has port led[2] driven by constant 0
WARNING: [Synth 8-3917] design test_env has port led[1] driven by constant 0
WARNING: [Synth 8-3331] design test_env has unconnected port btn[4]
WARNING: [Synth 8-3331] design test_env has unconnected port btn[3]
WARNING: [Synth 8-3331] design test_env has unconnected port btn[2]
WARNING: [Synth 8-3331] design test_env has unconnected port sw[15]
WARNING: [Synth 8-3331] design test_env has unconnected port sw[14]
WARNING: [Synth 8-3331] design test_env has unconnected port sw[13]
WARNING: [Synth 8-3331] design test_env has unconnected port sw[12]
WARNING: [Synth 8-3331] design test_env has unconnected port sw[11]
WARNING: [Synth 8-3331] design test_env has unconnected port sw[10]
WARNING: [Synth 8-3331] design test_env has unconnected port sw[9]
WARNING: [Synth 8-3331] design test_env has unconnected port sw[8]
WARNING: [Synth 8-3331] design test_env has unconnected port sw[6]
WARNING: [Synth 8-3331] design test_env has unconnected port sw[5]
WARNING: [Synth 8-3331] design test_env has unconnected port sw[4]
WARNING: [Synth 8-3331] design test_env has unconnected port sw[3]
WARNING: [Synth 8-3331] design test_env has unconnected port sw[2]
WARNING: [Synth 8-3331] design test_env has unconnected port sw[1]
WARNING: [Synth 8-3331] design test_env has unconnected port sw[0]
CRITICAL WARNING: [Synth 8-5559] multi-driven net PCSrc is connected to constant driver, other driver is ignored [E:/Faculta/AN2_SEM2/AC_LAB/project_2/project_2.srcs/sources_1/new/test_env.vhd:284]
WARNING: [Synth 8-3332] Sequential element (test_env_IFetch/pc_reg_reg[0]) is unused and will be removed from module test_env.
INFO: [Synth 8-3886] merging instance 'test_env_ID/reg_file_reg[17][0]' (FDE) to 'test_env_ID/reg_file_reg[31][0]'
INFO: [Synth 8-3886] merging instance 'test_env_ID/reg_file_reg[16][0]' (FDE) to 'test_env_ID/reg_file_reg[31][0]'
INFO: [Synth 8-3886] merging instance 'test_env_ID/reg_file_reg[19][0]' (FDE) to 'test_env_ID/reg_file_reg[31][0]'
INFO: [Synth 8-3886] merging instance 'test_env_ID/reg_file_reg[18][0]' (FDE) to 'test_env_ID/reg_file_reg[31][0]'
INFO: [Synth 8-3886] merging instance 'test_env_ID/reg_file_reg[21][0]' (FDE) to 'test_env_ID/reg_file_reg[31][0]'
INFO: [Synth 8-3886] merging instance 'test_env_ID/reg_file_reg[20][0]' (FDE) to 'test_env_ID/reg_file_reg[31][0]'
INFO: [Synth 8-3886] merging instance 'test_env_ID/reg_file_reg[23][0]' (FDE) to 'test_env_ID/reg_file_reg[31][0]'
INFO: [Synth 8-3886] merging instance 'test_env_ID/reg_file_reg[22][0]' (FDE) to 'test_env_ID/reg_file_reg[31][0]'
INFO: [Synth 8-3886] merging instance 'test_env_ID/reg_file_reg[29][0]' (FDE) to 'test_env_ID/reg_file_reg[31][0]'
INFO: [Synth 8-3886] merging instance 'test_env_ID/reg_file_reg[28][0]' (FDE) to 'test_env_ID/reg_file_reg[31][0]'
INFO: [Synth 8-3886] merging instance 'test_env_ID/reg_file_reg[31][0]' (FDE) to 'test_env_ID/reg_file_reg[30][0]'
INFO: [Synth 8-3886] merging instance 'test_env_ID/reg_file_reg[30][0]' (FDE) to 'test_env_ID/reg_file_reg[27][0]'
INFO: [Synth 8-3886] merging instance 'test_env_ID/reg_file_reg[25][0]' (FDE) to 'test_env_ID/reg_file_reg[27][0]'
INFO: [Synth 8-3886] merging instance 'test_env_ID/reg_file_reg[24][0]' (FDE) to 'test_env_ID/reg_file_reg[27][0]'
INFO: [Synth 8-3886] merging instance 'test_env_ID/reg_file_reg[27][0]' (FDE) to 'test_env_ID/reg_file_reg[26][0]'
INFO: [Synth 8-3333] propagating constant 0 across sequential element (\test_env_ID/reg_file_reg[26][0] )
INFO: [Synth 8-3886] merging instance 'test_env_ID/reg_file_reg[25][1]' (FDE) to 'test_env_ID/reg_file_reg[31][1]'
INFO: [Synth 8-3886] merging instance 'test_env_ID/reg_file_reg[24][1]' (FDE) to 'test_env_ID/reg_file_reg[31][1]'
INFO: [Synth 8-3886] merging instance 'test_env_ID/reg_file_reg[27][1]' (FDE) to 'test_env_ID/reg_file_reg[31][1]'
INFO: [Synth 8-3886] merging instance 'test_env_ID/reg_file_reg[26][1]' (FDE) to 'test_env_ID/reg_file_reg[31][1]'
INFO: [Synth 8-3886] merging instance 'test_env_ID/reg_file_reg[29][1]' (FDE) to 'test_env_ID/reg_file_reg[31][1]'
INFO: [Synth 8-3886] merging instance 'test_env_ID/reg_file_reg[28][1]' (FDE) to 'test_env_ID/reg_file_reg[31][1]'
INFO: [Synth 8-3886] merging instance 'test_env_ID/reg_file_reg[31][1]' (FDE) to 'test_env_ID/reg_file_reg[30][1]'
INFO: [Synth 8-3886] merging instance 'test_env_ID/reg_file_reg[30][1]' (FDE) to 'test_env_ID/reg_file_reg[23][1]'
INFO: [Synth 8-3886] merging instance 'test_env_ID/reg_file_reg[17][1]' (FDE) to 'test_env_ID/reg_file_reg[23][1]'
INFO: [Synth 8-3886] merging instance 'test_env_ID/reg_file_reg[16][1]' (FDE) to 'test_env_ID/reg_file_reg[23][1]'
INFO: [Synth 8-3886] merging instance 'test_env_ID/reg_file_reg[19][1]' (FDE) to 'test_env_ID/reg_file_reg[23][1]'
INFO: [Synth 8-3886] merging instance 'test_env_ID/reg_file_reg[18][1]' (FDE) to 'test_env_ID/reg_file_reg[23][1]'
INFO: [Synth 8-3886] merging instance 'test_env_ID/reg_file_reg[21][1]' (FDE) to 'test_env_ID/reg_file_reg[23][1]'
INFO: [Synth 8-3886] merging instance 'test_env_ID/reg_file_reg[20][1]' (FDE) to 'test_env_ID/reg_file_reg[23][1]'
INFO: [Synth 8-3886] merging instance 'test_env_ID/reg_file_reg[23][1]' (FDE) to 'test_env_ID/reg_file_reg[22][1]'
INFO: [Synth 8-3333] propagating constant 0 across sequential element (\test_env_ID/reg_file_reg[22][1] )
INFO: [Synth 8-3886] merging instance 'test_env_ID/reg_file_reg[17][2]' (FDE) to 'test_env_ID/reg_file_reg[31][2]'
INFO: [Synth 8-3886] merging instance 'test_env_ID/reg_file_reg[16][2]' (FDE) to 'test_env_ID/reg_file_reg[31][2]'
INFO: [Synth 8-3886] merging instance 'test_env_ID/reg_file_reg[19][2]' (FDE) to 'test_env_ID/reg_file_reg[31][2]'
INFO: [Synth 8-3886] merging instance 'test_env_ID/reg_file_reg[18][2]' (FDE) to 'test_env_ID/reg_file_reg[31][2]'
INFO: [Synth 8-3886] merging instance 'test_env_ID/reg_file_reg[21][2]' (FDE) to 'test_env_ID/reg_file_reg[31][2]'
INFO: [Synth 8-3886] merging instance 'test_env_ID/reg_file_reg[20][2]' (FDE) to 'test_env_ID/reg_file_reg[31][2]'
INFO: [Synth 8-3886] merging instance 'test_env_ID/reg_file_reg[23][2]' (FDE) to 'test_env_ID/reg_file_reg[31][2]'
INFO: [Synth 8-3886] merging instance 'test_env_ID/reg_file_reg[22][2]' (FDE) to 'test_env_ID/reg_file_reg[31][2]'
INFO: [Synth 8-3886] merging instance 'test_env_ID/reg_file_reg[29][2]' (FDE) to 'test_env_ID/reg_file_reg[31][2]'
INFO: [Synth 8-3886] merging instance 'test_env_ID/reg_file_reg[28][2]' (FDE) to 'test_env_ID/reg_file_reg[31][2]'
INFO: [Synth 8-3886] merging instance 'test_env_ID/reg_file_reg[31][2]' (FDE) to 'test_env_ID/reg_file_reg[30][2]'
INFO: [Synth 8-3886] merging instance 'test_env_ID/reg_file_reg[30][2]' (FDE) to 'test_env_ID/reg_file_reg[27][2]'
INFO: [Synth 8-3886] merging instance 'test_env_ID/reg_file_reg[25][2]' (FDE) to 'test_env_ID/reg_file_reg[27][2]'
INFO: [Synth 8-3886] merging instance 'test_env_ID/reg_file_reg[24][2]' (FDE) to 'test_env_ID/reg_file_reg[27][2]'
INFO: [Synth 8-3886] merging instance 'test_env_ID/reg_file_reg[27][2]' (FDE) to 'test_env_ID/reg_file_reg[26][2]'
INFO: [Synth 8-3333] propagating constant 0 across sequential element (\test_env_ID/reg_file_reg[26][2] )
INFO: [Synth 8-3886] merging instance 'test_env_ID/reg_file_reg[25][3]' (FDE) to 'test_env_ID/reg_file_reg[31][3]'
INFO: [Synth 8-3886] merging instance 'test_env_ID/reg_file_reg[24][3]' (FDE) to 'test_env_ID/reg_file_reg[31][3]'
INFO: [Synth 8-3886] merging instance 'test_env_ID/reg_file_reg[27][3]' (FDE) to 'test_env_ID/reg_file_reg[31][3]'
INFO: [Synth 8-3886] merging instance 'test_env_ID/reg_file_reg[26][3]' (FDE) to 'test_env_ID/reg_file_reg[31][3]'
INFO: [Synth 8-3886] merging instance 'test_env_ID/reg_file_reg[29][3]' (FDE) to 'test_env_ID/reg_file_reg[31][3]'
INFO: [Synth 8-3886] merging instance 'test_env_ID/reg_file_reg[28][3]' (FDE) to 'test_env_ID/reg_file_reg[31][3]'
INFO: [Synth 8-3886] merging instance 'test_env_ID/reg_file_reg[31][3]' (FDE) to 'test_env_ID/reg_file_reg[30][3]'
INFO: [Synth 8-3886] merging instance 'test_env_ID/reg_file_reg[30][3]' (FDE) to 'test_env_ID/reg_file_reg[23][3]'
INFO: [Synth 8-3886] merging instance 'test_env_ID/reg_file_reg[17][3]' (FDE) to 'test_env_ID/reg_file_reg[23][3]'
INFO: [Synth 8-3886] merging instance 'test_env_ID/reg_file_reg[16][3]' (FDE) to 'test_env_ID/reg_file_reg[23][3]'
INFO: [Synth 8-3886] merging instance 'test_env_ID/reg_file_reg[19][3]' (FDE) to 'test_env_ID/reg_file_reg[23][3]'
INFO: [Synth 8-3886] merging instance 'test_env_ID/reg_file_reg[18][3]' (FDE) to 'test_env_ID/reg_file_reg[23][3]'
INFO: [Synth 8-3886] merging instance 'test_env_ID/reg_file_reg[21][3]' (FDE) to 'test_env_ID/reg_file_reg[23][3]'
INFO: [Synth 8-3886] merging instance 'test_env_ID/reg_file_reg[20][3]' (FDE) to 'test_env_ID/reg_file_reg[23][3]'
INFO: [Synth 8-3886] merging instance 'test_env_ID/reg_file_reg[23][3]' (FDE) to 'test_env_ID/reg_file_reg[22][3]'
INFO: [Synth 8-3333] propagating constant 0 across sequential element (\test_env_ID/reg_file_reg[22][3] )
INFO: [Synth 8-3886] merging instance 'test_env_ID/reg_file_reg[25][4]' (FDE) to 'test_env_ID/reg_file_reg[31][4]'
INFO: [Synth 8-3886] merging instance 'test_env_ID/reg_file_reg[24][4]' (FDE) to 'test_env_ID/reg_file_reg[31][4]'
INFO: [Synth 8-3886] merging instance 'test_env_ID/reg_file_reg[27][4]' (FDE) to 'test_env_ID/reg_file_reg[31][4]'
INFO: [Synth 8-3886] merging instance 'test_env_ID/reg_file_reg[26][4]' (FDE) to 'test_env_ID/reg_file_reg[31][4]'
INFO: [Synth 8-3886] merging instance 'test_env_ID/reg_file_reg[29][4]' (FDE) to 'test_env_ID/reg_file_reg[31][4]'
INFO: [Synth 8-3886] merging instance 'test_env_ID/reg_file_reg[28][4]' (FDE) to 'test_env_ID/reg_file_reg[31][4]'
INFO: [Synth 8-3886] merging instance 'test_env_ID/reg_file_reg[31][4]' (FDE) to 'test_env_ID/reg_file_reg[30][4]'
INFO: [Synth 8-3886] merging instance 'test_env_ID/reg_file_reg[30][4]' (FDE) to 'test_env_ID/reg_file_reg[23][4]'
INFO: [Synth 8-3886] merging instance 'test_env_ID/reg_file_reg[17][4]' (FDE) to 'test_env_ID/reg_file_reg[23][4]'
INFO: [Synth 8-3886] merging instance 'test_env_ID/reg_file_reg[16][4]' (FDE) to 'test_env_ID/reg_file_reg[23][4]'
INFO: [Synth 8-3886] merging instance 'test_env_ID/reg_file_reg[19][4]' (FDE) to 'test_env_ID/reg_file_reg[23][4]'
INFO: [Synth 8-3886] merging instance 'test_env_ID/reg_file_reg[18][4]' (FDE) to 'test_env_ID/reg_file_reg[23][4]'
INFO: [Synth 8-3886] merging instance 'test_env_ID/reg_file_reg[21][4]' (FDE) to 'test_env_ID/reg_file_reg[23][4]'
INFO: [Synth 8-3886] merging instance 'test_env_ID/reg_file_reg[20][4]' (FDE) to 'test_env_ID/reg_file_reg[23][4]'
INFO: [Synth 8-3886] merging instance 'test_env_ID/reg_file_reg[23][4]' (FDE) to 'test_env_ID/reg_file_reg[22][4]'
INFO: [Synth 8-3333] propagating constant 0 across sequential element (\test_env_ID/reg_file_reg[22][4] )
INFO: [Synth 8-3886] merging instance 'test_env_ID/reg_file_reg[25][5]' (FDE) to 'test_env_ID/reg_file_reg[31][5]'
INFO: [Synth 8-3886] merging instance 'test_env_ID/reg_file_reg[24][5]' (FDE) to 'test_env_ID/reg_file_reg[31][5]'
INFO: [Synth 8-3886] merging instance 'test_env_ID/reg_file_reg[27][5]' (FDE) to 'test_env_ID/reg_file_reg[31][5]'
INFO: [Synth 8-3886] merging instance 'test_env_ID/reg_file_reg[26][5]' (FDE) to 'test_env_ID/reg_file_reg[31][5]'
INFO: [Synth 8-3886] merging instance 'test_env_ID/reg_file_reg[29][5]' (FDE) to 'test_env_ID/reg_file_reg[31][5]'
INFO: [Synth 8-3886] merging instance 'test_env_ID/reg_file_reg[28][5]' (FDE) to 'test_env_ID/reg_file_reg[31][5]'
INFO: [Synth 8-3886] merging instance 'test_env_ID/reg_file_reg[31][5]' (FDE) to 'test_env_ID/reg_file_reg[30][5]'
INFO: [Synth 8-3886] merging instance 'test_env_ID/reg_file_reg[30][5]' (FDE) to 'test_env_ID/reg_file_reg[23][5]'
INFO: [Synth 8-3886] merging instance 'test_env_ID/reg_file_reg[17][5]' (FDE) to 'test_env_ID/reg_file_reg[23][5]'
INFO: [Synth 8-3886] merging instance 'test_env_ID/reg_file_reg[16][5]' (FDE) to 'test_env_ID/reg_file_reg[23][5]'
INFO: [Synth 8-3886] merging instance 'test_env_ID/reg_file_reg[19][5]' (FDE) to 'test_env_ID/reg_file_reg[23][5]'
INFO: [Synth 8-3886] merging instance 'test_env_ID/reg_file_reg[18][5]' (FDE) to 'test_env_ID/reg_file_reg[23][5]'
INFO: [Synth 8-3886] merging instance 'test_env_ID/reg_file_reg[21][5]' (FDE) to 'test_env_ID/reg_file_reg[23][5]'
INFO: [Synth 8-3886] merging instance 'test_env_ID/reg_file_reg[20][5]' (FDE) to 'test_env_ID/reg_file_reg[23][5]'
INFO: [Synth 8-3886] merging instance 'test_env_ID/reg_file_reg[23][5]' (FDE) to 'test_env_ID/reg_file_reg[22][5]'
INFO: [Synth 8-3333] propagating constant 0 across sequential element (\test_env_ID/reg_file_reg[22][5] )
INFO: [Synth 8-3886] merging instance 'test_env_ID/reg_file_reg[25][6]' (FDE) to 'test_env_ID/reg_file_reg[31][6]'
INFO: [Synth 8-3886] merging instance 'test_env_ID/reg_file_reg[24][6]' (FDE) to 'test_env_ID/reg_file_reg[31][6]'
INFO: [Synth 8-3886] merging instance 'test_env_ID/reg_file_reg[27][6]' (FDE) to 'test_env_ID/reg_file_reg[31][6]'
INFO: [Synth 8-3886] merging instance 'test_env_ID/reg_file_reg[26][6]' (FDE) to 'test_env_ID/reg_file_reg[31][6]'
INFO: [Synth 8-3886] merging instance 'test_env_ID/reg_file_reg[29][6]' (FDE) to 'test_env_ID/reg_file_reg[31][6]'
INFO: [Synth 8-3886] merging instance 'test_env_ID/reg_file_reg[28][6]' (FDE) to 'test_env_ID/reg_file_reg[31][6]'
INFO: [Synth 8-3886] merging instance 'test_env_ID/reg_file_reg[31][6]' (FDE) to 'test_env_ID/reg_file_reg[30][6]'
INFO: [Synth 8-3886] merging instance 'test_env_ID/reg_file_reg[30][6]' (FDE) to 'test_env_ID/reg_file_reg[23][6]'
INFO: [Synth 8-3886] merging instance 'test_env_ID/reg_file_reg[17][6]' (FDE) to 'test_env_ID/reg_file_reg[23][6]'
INFO: [Synth 8-3886] merging instance 'test_env_ID/reg_file_reg[16][6]' (FDE) to 'test_env_ID/reg_file_reg[23][6]'
INFO: [Common 17-14] Message 'Synth 8-3886' appears 100 times and further instances of the messages will be disabled. Use the Tcl command set_msg_config to change the current settings.
INFO: [Synth 8-3333] propagating constant 0 across sequential element (\test_env_ID/reg_file_reg[22][6] )
INFO: [Synth 8-3333] propagating constant 0 across sequential element (\test_env_ID/reg_file_reg[26][7] )
INFO: [Synth 8-3333] propagating constant 0 across sequential element (\test_env_ID/reg_file_reg[22][8] )
INFO: [Synth 8-3333] propagating constant 0 across sequential element (\test_env_ID/reg_file_reg[22][9] )
INFO: [Synth 8-3333] propagating constant 0 across sequential element (\test_env_ID/reg_file_reg[26][10] )
INFO: [Synth 8-3333] propagating constant 0 across sequential element (\test_env_ID/reg_file_reg[22][11] )
INFO: [Synth 8-3333] propagating constant 0 across sequential element (\test_env_ID/reg_file_reg[26][12] )
INFO: [Synth 8-3333] propagating constant 0 across sequential element (\test_env_ID/reg_file_reg[26][13] )
INFO: [Synth 8-3333] propagating constant 0 across sequential element (\test_env_ID/reg_file_reg[22][14] )
INFO: [Synth 8-3333] propagating constant 0 across sequential element (\test_env_ID/reg_file_reg[26][15] )
INFO: [Synth 8-3333] propagating constant 0 across sequential element (\test_env_ID/reg_file_reg[22][16] )
INFO: [Synth 8-3333] propagating constant 0 across sequential element (\test_env_ID/reg_file_reg[22][17] )
INFO: [Synth 8-3333] propagating constant 0 across sequential element (\test_env_ID/reg_file_reg[22][18] )
INFO: [Synth 8-3333] propagating constant 0 across sequential element (\test_env_ID/reg_file_reg[22][19] )
INFO: [Synth 8-3333] propagating constant 0 across sequential element (\test_env_ID/reg_file_reg[22][20] )
INFO: [Synth 8-3333] propagating constant 0 across sequential element (\test_env_ID/reg_file_reg[22][21] )
INFO: [Synth 8-3333] propagating constant 0 across sequential element (\test_env_ID/reg_file_reg[22][22] )
INFO: [Synth 8-3333] propagating constant 0 across sequential element (\test_env_ID/reg_file_reg[22][23] )
INFO: [Synth 8-3333] propagating constant 0 across sequential element (\test_env_ID/reg_file_reg[26][24] )
INFO: [Synth 8-3333] propagating constant 0 across sequential element (\test_env_ID/reg_file_reg[26][25] )
INFO: [Synth 8-3333] propagating constant 0 across sequential element (\test_env_ID/reg_file_reg[22][26] )
INFO: [Synth 8-3333] propagating constant 0 across sequential element (\test_env_ID/reg_file_reg[22][27] )
INFO: [Synth 8-3333] propagating constant 0 across sequential element (\test_env_ID/reg_file_reg[22][28] )
INFO: [Synth 8-3333] propagating constant 0 across sequential element (\test_env_ID/reg_file_reg[22][29] )
INFO: [Synth 8-3333] propagating constant 0 across sequential element (\test_env_ID/reg_file_reg[22][30] )
INFO: [Synth 8-3333] propagating constant 0 across sequential element (\test_env_ID/reg_file_reg[16][31] )
WARNING: [Synth 8-3332] Sequential element (test_env_ID/reg_file_reg[26][0]) is unused and will be removed from module test_env.
WARNING: [Synth 8-3332] Sequential element (test_env_ID/reg_file_reg[22][1]) is unused and will be removed from module test_env.
WARNING: [Synth 8-3332] Sequential element (test_env_ID/reg_file_reg[26][2]) is unused and will be removed from module test_env.
WARNING: [Synth 8-3332] Sequential element (test_env_ID/reg_file_reg[22][3]) is unused and will be removed from module test_env.
WARNING: [Synth 8-3332] Sequential element (test_env_ID/reg_file_reg[22][4]) is unused and will be removed from module test_env.
WARNING: [Synth 8-3332] Sequential element (test_env_ID/reg_file_reg[22][5]) is unused and will be removed from module test_env.
WARNING: [Synth 8-3332] Sequential element (test_env_ID/reg_file_reg[22][6]) is unused and will be removed from module test_env.
WARNING: [Synth 8-3332] Sequential element (test_env_ID/reg_file_reg[26][7]) is unused and will be removed from module test_env.
WARNING: [Synth 8-3332] Sequential element (test_env_ID/reg_file_reg[22][8]) is unused and will be removed from module test_env.
WARNING: [Synth 8-3332] Sequential element (test_env_ID/reg_file_reg[22][9]) is unused and will be removed from module test_env.
WARNING: [Synth 8-3332] Sequential element (test_env_ID/reg_file_reg[26][10]) is unused and will be removed from module test_env.
WARNING: [Synth 8-3332] Sequential element (test_env_ID/reg_file_reg[22][11]) is unused and will be removed from module test_env.
WARNING: [Synth 8-3332] Sequential element (test_env_ID/reg_file_reg[26][12]) is unused and will be removed from module test_env.
WARNING: [Synth 8-3332] Sequential element (test_env_ID/reg_file_reg[26][13]) is unused and will be removed from module test_env.
WARNING: [Synth 8-3332] Sequential element (test_env_ID/reg_file_reg[22][14]) is unused and will be removed from module test_env.
WARNING: [Synth 8-3332] Sequential element (test_env_ID/reg_file_reg[26][15]) is unused and will be removed from module test_env.
WARNING: [Synth 8-3332] Sequential element (test_env_ID/reg_file_reg[22][16]) is unused and will be removed from module test_env.
WARNING: [Synth 8-3332] Sequential element (test_env_ID/reg_file_reg[22][17]) is unused and will be removed from module test_env.
WARNING: [Synth 8-3332] Sequential element (test_env_ID/reg_file_reg[22][18]) is unused and will be removed from module test_env.
WARNING: [Synth 8-3332] Sequential element (test_env_ID/reg_file_reg[22][19]) is unused and will be removed from module test_env.
WARNING: [Synth 8-3332] Sequential element (test_env_ID/reg_file_reg[22][20]) is unused and will be removed from module test_env.
WARNING: [Synth 8-3332] Sequential element (test_env_ID/reg_file_reg[22][21]) is unused and will be removed from module test_env.
WARNING: [Synth 8-3332] Sequential element (test_env_ID/reg_file_reg[22][22]) is unused and will be removed from module test_env.
WARNING: [Synth 8-3332] Sequential element (test_env_ID/reg_file_reg[22][23]) is unused and will be removed from module test_env.
WARNING: [Synth 8-3332] Sequential element (test_env_ID/reg_file_reg[26][24]) is unused and will be removed from module test_env.
WARNING: [Synth 8-3332] Sequential element (test_env_ID/reg_file_reg[26][25]) is unused and will be removed from module test_env.
WARNING: [Synth 8-3332] Sequential element (test_env_ID/reg_file_reg[22][26]) is unused and will be removed from module test_env.
WARNING: [Synth 8-3332] Sequential element (test_env_ID/reg_file_reg[22][27]) is unused and will be removed from module test_env.
WARNING: [Synth 8-3332] Sequential element (test_env_ID/reg_file_reg[22][28]) is unused and will be removed from module test_env.
WARNING: [Synth 8-3332] Sequential element (test_env_ID/reg_file_reg[22][29]) is unused and will be removed from module test_env.
WARNING: [Synth 8-3332] Sequential element (test_env_ID/reg_file_reg[22][30]) is unused and will be removed from module test_env.
WARNING: [Synth 8-3332] Sequential element (test_env_ID/reg_file_reg[16][31]) is unused and will be removed from module test_env.
---------------------------------------------------------------------------------
Finished Cross Boundary and Area Optimization : Time (s): cpu = 00:00:16 ; elapsed = 00:00:16 . Memory (MB): peak = 633.195 ; gain = 423.258
---------------------------------------------------------------------------------
---------------------------------------------------------------------------------
Start ROM, RAM, DSP and Shift Register Reporting
---------------------------------------------------------------------------------

ROM:
+------------+------------+---------------+----------------+
|Module Name | RTL Object | Depth x Width | Implemented As | 
+------------+------------+---------------+----------------+
|IFetch      | p_0_out    | 32x32         | LUT            | 
|test_env    | p_0_out    | 32x32         | LUT            | 
+------------+------------+---------------+----------------+


Distributed RAM: Preliminary Mapping  Report (see note below)
+------------+----------------------+-----------+----------------------+-----------------+
|Module Name | RTL Object           | Inference | Size (Depth x Width) | Primitives      | 
+------------+----------------------+-----------+----------------------+-----------------+
|test_env    | test_env_RAM/ram_reg | Implied   | 64 x 32              | RAM64X1S x 32   | 
+------------+----------------------+-----------+----------------------+-----------------+

Note: The table above is a preliminary report that shows the Distributed RAMs at the current stage of the synthesis flow. Some Distributed RAMs may be reimplemented as non Distributed RAM primitives later in the synthesis flow. Multiple instantiated RAMs are reported only once.
---------------------------------------------------------------------------------
Finished ROM, RAM, DSP and Shift Register Reporting
---------------------------------------------------------------------------------

Report RTL Partitions: 
+-+--------------+------------+----------+
| |RTL Partition |Replication |Instances |
+-+--------------+------------+----------+
+-+--------------+------------+----------+
---------------------------------------------------------------------------------
Start Timing Optimization
---------------------------------------------------------------------------------
---------------------------------------------------------------------------------
Start Applying XDC Timing Constraints
---------------------------------------------------------------------------------
---------------------------------------------------------------------------------
Finished Applying XDC Timing Constraints : Time (s): cpu = 00:00:23 ; elapsed = 00:00:24 . Memory (MB): peak = 633.195 ; gain = 423.258
---------------------------------------------------------------------------------
---------------------------------------------------------------------------------
Finished Timing Optimization : Time (s): cpu = 00:00:44 ; elapsed = 00:00:45 . Memory (MB): peak = 812.895 ; gain = 602.957
---------------------------------------------------------------------------------

Report RTL Partitions: 
+-+--------------+------------+----------+
| |RTL Partition |Replication |Instances |
+-+--------------+------------+----------+
+-+--------------+------------+----------+
---------------------------------------------------------------------------------
Start Technology Mapping
---------------------------------------------------------------------------------
---------------------------------------------------------------------------------
Finished Technology Mapping : Time (s): cpu = 00:00:45 ; elapsed = 00:00:46 . Memory (MB): peak = 822.918 ; gain = 612.980
---------------------------------------------------------------------------------

Report RTL Partitions: 
+-+--------------+------------+----------+
| |RTL Partition |Replication |Instances |
+-+--------------+------------+----------+
+-+--------------+------------+----------+
---------------------------------------------------------------------------------
Start IO Insertion
---------------------------------------------------------------------------------
---------------------------------------------------------------------------------
Start Flattening Before IO Insertion
---------------------------------------------------------------------------------
---------------------------------------------------------------------------------
Finished Flattening Before IO Insertion
---------------------------------------------------------------------------------
---------------------------------------------------------------------------------
Start Final Netlist Cleanup
---------------------------------------------------------------------------------
---------------------------------------------------------------------------------
Finished Final Netlist Cleanup
---------------------------------------------------------------------------------
---------------------------------------------------------------------------------
Finished IO Insertion : Time (s): cpu = 00:00:45 ; elapsed = 00:00:46 . Memory (MB): peak = 822.918 ; gain = 612.980
---------------------------------------------------------------------------------

Report Check Netlist: 
+------+------------------+-------+---------+-------+------------------+
|      |Item              |Errors |Warnings |Status |Description       |
+------+------------------+-------+---------+-------+------------------+
|1     |multi_driven_nets |      0|        0|Passed |Multi driven nets |
+------+------------------+-------+---------+-------+------------------+
---------------------------------------------------------------------------------
Start Renaming Generated Instances
---------------------------------------------------------------------------------
---------------------------------------------------------------------------------
Finished Renaming Generated Instances : Time (s): cpu = 00:00:45 ; elapsed = 00:00:46 . Memory (MB): peak = 822.918 ; gain = 612.980
---------------------------------------------------------------------------------

Report RTL Partitions: 
+-+--------------+------------+----------+
| |RTL Partition |Replication |Instances |
+-+--------------+------------+----------+
+-+--------------+------------+----------+
---------------------------------------------------------------------------------
Start Rebuilding User Hierarchy
---------------------------------------------------------------------------------
---------------------------------------------------------------------------------
Finished Rebuilding User Hierarchy : Time (s): cpu = 00:00:45 ; elapsed = 00:00:46 . Memory (MB): peak = 822.918 ; gain = 612.980
---------------------------------------------------------------------------------
---------------------------------------------------------------------------------
Start Renaming Generated Ports
---------------------------------------------------------------------------------
---------------------------------------------------------------------------------
Finished Renaming Generated Ports : Time (s): cpu = 00:00:45 ; elapsed = 00:00:46 . Memory (MB): peak = 822.918 ; gain = 612.980
---------------------------------------------------------------------------------
---------------------------------------------------------------------------------
Start Handling Custom Attributes
---------------------------------------------------------------------------------
---------------------------------------------------------------------------------
Finished Handling Custom Attributes : Time (s): cpu = 00:00:45 ; elapsed = 00:00:46 . Memory (MB): peak = 822.918 ; gain = 612.980
---------------------------------------------------------------------------------
---------------------------------------------------------------------------------
Start Renaming Generated Nets
---------------------------------------------------------------------------------
---------------------------------------------------------------------------------
Finished Renaming Generated Nets : Time (s): cpu = 00:00:45 ; elapsed = 00:00:46 . Memory (MB): peak = 822.918 ; gain = 612.980
---------------------------------------------------------------------------------
---------------------------------------------------------------------------------
Start Writing Synthesis Report
---------------------------------------------------------------------------------

Report BlackBoxes: 
+-+--------------+----------+
| |BlackBox name |Instances |
+-+--------------+----------+
+-+--------------+----------+

Report Cell Usage: 
+------+---------+------+
|      |Cell     |Count |
+------+---------+------+
|1     |BUFG     |     1|
|2     |CARRY4   |    45|
|3     |LUT1     |   118|
|4     |LUT2     |    97|
|5     |LUT3     |    87|
|6     |LUT4     |   106|
|7     |LUT5     |    77|
|8     |LUT6     |   553|
|9     |MUXF7    |    76|
|10    |RAM64X1S |    32|
|11    |FDCE     |    31|
|12    |FDRE     |   583|
|13    |IBUF     |     4|
|14    |OBUF     |    31|
+------+---------+------+

Report Instance Areas: 
+------+------------------+--------+------+
|      |Instance          |Module  |Cells |
+------+------------------+--------+------+
|1     |top               |        |  1841|
|2     |  test_env_EX     |EX      |    20|
|3     |  test_env_ID     |ID      |   956|
|4     |  test_env_IFetch |IFetch  |   651|
|5     |  test_env_MPG1   |mpg     |    44|
|6     |  test_env_MPG21  |mpg_0   |     4|
|7     |  test_env_RAM    |MEM_RAM |    32|
|8     |  test_env_SSD    |SSD     |    66|
+------+------------------+--------+------+
---------------------------------------------------------------------------------
Finished Writing Synthesis Report : Time (s): cpu = 00:00:45 ; elapsed = 00:00:46 . Memory (MB): peak = 822.918 ; gain = 612.980
---------------------------------------------------------------------------------
Synthesis finished with 0 errors, 3 critical warnings and 66 warnings.
Synthesis Optimization Runtime : Time (s): cpu = 00:00:36 ; elapsed = 00:00:40 . Memory (MB): peak = 822.918 ; gain = 299.848
Synthesis Optimization Complete : Time (s): cpu = 00:00:46 ; elapsed = 00:00:46 . Memory (MB): peak = 822.918 ; gain = 612.980
INFO: [Project 1-571] Translating synthesized netlist
INFO: [Netlist 29-17] Analyzing 81 Unisim elements for replacement
INFO: [Netlist 29-28] Unisim Transformation completed in 0 CPU seconds
INFO: [Project 1-570] Preparing netlist for logic optimization
INFO: [Opt 31-138] Pushed 0 inverter(s) to 0 load pin(s).
INFO: [Project 1-111] Unisim Transformation Summary:
  A total of 32 instances were transformed.
  RAM64X1S => RAM64X1S (RAMS64E): 32 instances

INFO: [Common 17-83] Releasing license: Synthesis
218 Infos, 99 Warnings, 1 Critical Warnings and 0 Errors encountered.
synth_design completed successfully
synth_design: Time (s): cpu = 00:00:45 ; elapsed = 00:00:46 . Memory (MB): peak = 822.918 ; gain = 612.980
INFO: [Common 17-1381] The checkpoint 'E:/Faculta/AN2_SEM2/AC_LAB/project_2/project_2.runs/synth_1/test_env.dcp' has been generated.
report_utilization: Time (s): cpu = 00:00:01 ; elapsed = 00:00:00.016 . Memory (MB): peak = 822.918 ; gain = 0.000
INFO: [Common 17-206] Exiting Vivado at Thu Apr 18 17:53:30 2024...
